<?xml version="1.0" encoding="UTF-8"?>
<testsuite name="subtraction" tests="2" skipped="0" failures="0" errors="0" timestamp="2026-02-03T21:03:18.052Z" hostname="RubenS" time="0.039">
  <properties/>
  <testcase name="shouldSubtractSameCurrency()" classname="com.example.management.domain.model.MoneyTest$Subtraction" time="0.003"/>
  <testcase name="shouldThrowWhenSubtractingDifferentCurrencies()" classname="com.example.management.domain.model.MoneyTest$Subtraction" time="0.034"/>
  <system-out><![CDATA[]]></system-out>
  <system-err><![CDATA[]]></system-err>
</testsuite>
