<?xml version="1.0" encoding="UTF-8"?>
<testsuite name="multiplication" tests="2" skipped="0" failures="0" errors="0" timestamp="2026-02-03T21:03:18.030Z" hostname="RubenS" time="0.01">
  <properties/>
  <testcase name="shouldMultiplyByDecimalScalar()" classname="com.example.management.domain.model.MoneyTest$Multiplication" time="0.004"/>
  <testcase name="shouldMultiplyByScalar()" classname="com.example.management.domain.model.MoneyTest$Multiplication" time="0.003"/>
  <system-out><![CDATA[]]></system-out>
  <system-err><![CDATA[]]></system-err>
</testsuite>
