<?xml version="1.0" encoding="UTF-8"?>
<testsuite name="cancel" tests="3" skipped="0" failures="0" errors="0" timestamp="2026-02-03T21:03:18.333Z" hostname="RubenS" time="0.011">
  <properties/>
  <testcase name="shouldAllowCancelWhenPaid()" classname="com.example.management.domain.model.OrderTest$Cancel" time="0.002"/>
  <testcase name="shouldAllowCancelWhenPending()" classname="com.example.management.domain.model.OrderTest$Cancel" time="0.002"/>
  <testcase name="shouldThrowWhenCancellingShippedOrder()" classname="com.example.management.domain.model.OrderTest$Cancel" time="0.003"/>
  <system-out><![CDATA[]]></system-out>
  <system-err><![CDATA[]]></system-err>
</testsuite>
