<?xml version="1.0" encoding="UTF-8"?>
<testsuite name="addition" tests="2" skipped="0" failures="0" errors="0" timestamp="2026-02-03T21:03:18.099Z" hostname="RubenS" time="0.02">
  <properties/>
  <testcase name="shouldAddSameCurrency()" classname="com.example.management.domain.model.MoneyTest$Addition" time="0.012"/>
  <testcase name="shouldThrowWhenAddingDifferentCurrencies()" classname="com.example.management.domain.model.MoneyTest$Addition" time="0.004"/>
  <system-out><![CDATA[]]></system-out>
  <system-err><![CDATA[]]></system-err>
</testsuite>
