<?xml version="1.0" encoding="UTF-8"?>
<testsuite name="equality" tests="2" skipped="0" failures="0" errors="0" timestamp="2026-02-03T21:03:18.004Z" hostname="RubenS" time="0.014">
  <properties/>
  <testcase name="shouldNotBeEqualWhenCurrencyDiffers()" classname="com.example.management.domain.model.MoneyTest$Equality" time="0.008"/>
  <testcase name="shouldBeEqualWhenAmountAndCurrencyMatch()" classname="com.example.management.domain.model.MoneyTest$Equality" time="0.003"/>
  <system-out><![CDATA[]]></system-out>
  <system-err><![CDATA[]]></system-err>
</testsuite>
