<?xml version="1.0" encoding="UTF-8"?>
<testsuite name="mark as paid" tests="3" skipped="0" failures="0" errors="0" timestamp="2026-02-03T21:03:18.358Z" hostname="RubenS" time="0.023">
  <properties/>
  <testcase name="shouldAllowPaidWhenTotalAtLeastTenUsd()" classname="com.example.management.domain.model.OrderTest$MarkAsPaid" time="0.002"/>
  <testcase name="shouldThrowWhenMarkingPaidIfNotPending()" classname="com.example.management.domain.model.OrderTest$MarkAsPaid" time="0.008"/>
  <testcase name="shouldThrowWhenMarkingPaidIfTotalLessThanTenUsd()" classname="com.example.management.domain.model.OrderTest$MarkAsPaid" time="0.004"/>
  <system-out><![CDATA[]]></system-out>
  <system-err><![CDATA[]]></system-err>
</testsuite>
