<?xml version="1.0" encoding="UTF-8"?>
<testsuite name="ship" tests="2" skipped="0" failures="0" errors="0" timestamp="2026-02-03T21:03:18.281Z" hostname="RubenS" time="0.027">
  <properties/>
  <testcase name="shouldThrowWhenShippingPendingOrder()" classname="com.example.management.domain.model.OrderTest$Ship" time="0.014"/>
  <testcase name="shouldAllowShipWhenPaid()" classname="com.example.management.domain.model.OrderTest$Ship" time="0.01"/>
  <system-out><![CDATA[]]></system-out>
  <system-err><![CDATA[]]></system-err>
</testsuite>
