<?xml version="1.0" encoding="UTF-8"?>
<testsuite name="creation" tests="2" skipped="0" failures="0" errors="0" timestamp="2026-02-03T21:03:18.136Z" hostname="RubenS" time="0.015">
  <properties/>
  <testcase name="shouldCreateWithAmountAndCurrency()" classname="com.example.management.domain.model.MoneyTest$Creation" time="0.002"/>
  <testcase name="shouldCreateWithAmountAndDefaultCurrencyUsd()" classname="com.example.management.domain.model.MoneyTest$Creation" time="0.004"/>
  <system-out><![CDATA[]]></system-out>
  <system-err><![CDATA[]]></system-err>
</testsuite>
